<?xml version="1.0" encoding="UTF-8"?>
<testsuite xmlns:xsi="http://www.w3.org/2001/XMLSchema-instance" xsi:noNamespaceSchemaLocation="https://maven.apache.org/surefire/maven-surefire-plugin/xsd/surefire-test-report.xsd" version="3.0.2" name="com.example.reclamation.ReclamationApplicationTests" time="4.308" tests="1" errors="0" skipped="0" failures="0">
  <properties>
[...]
</properties>
  <testcase name="contextLoads" classname="com.example.reclamation.ReclamationApplicationTests" time="0.543">
    <system-out><![CDATA[20:03:24.937 [main] INFO org.springframework.test.context.support.AnnotationConfigContextLoaderUtils -- Could not detect default configuration classes for test class [com.example.reclamation.ReclamationApplicationTests]: ReclamationApplicationTests does not declare any static, non-private, non-final, nested classes annotated with @Configuration.
20:03:25.092 [main] INFO org.springframework.boot.test.context.SpringBootTestContextBootstrapper -- Found @SpringBootConfiguration com.example.reclamation.ReclamationApplication for test class com.example.reclamation.ReclamationApplicationTests
20:03:25.279 [main] INFO org.springframework.boot.devtools.restart.RestartApplicationListener -- Restart disabled due to context in which it is running

  .   ____          _            __ _ _
 /\\ / ___'_ __ _ _(_)_ __  __ _ \ \ \ \
( ( )\___ | '_ | '_| | '_ \/ _` | \ \ \ \
 \\/  ___)| |_)| | | | | || (_| |  ) ) ) )
  '  |____| .__|_| |_|_| |_\__, | / / / /
 =========|_|==============|___/=/_/_/_/

 :: Spring Boot ::                (v3.4.4)

2025-04-03T20:03:25.522+02:00  INFO 14804 --- [Reclamation] [           main] c.e.r.ReclamationApplicationTests        : Starting ReclamationApplicationTests using Java 17.0.8 with PID 14804 (started by MSI in C:\Users\MSI\Downloads\pleasework-bouallegue\Reclamation)
2025-04-03T20:03:25.523+02:00  INFO 14804 --- [Reclamation] [           main] c.e.r.ReclamationApplicationTests        : No active profile set, falling back to 1 default profile: "default"
2025-04-03T20:03:26.151+02:00  INFO 14804 --- [Reclamation] [           main] .s.d.r.c.RepositoryConfigurationDelegate : Bootstrapping Spring Data Reactive MongoDB repositories in DEFAULT mode.
2025-04-03T20:03:26.237+02:00  INFO 14804 --- [Reclamation] [           main] .s.d.r.c.RepositoryConfigurationDelegate : Finished Spring Data repository scanning in 78 ms. Found 0 Reactive MongoDB repository interfaces.
2025-04-03T20:03:26.244+02:00  INFO 14804 --- [Reclamation] [           main] .s.d.r.c.RepositoryConfigurationDelegate : Bootstrapping Spring Data MongoDB repositories in DEFAULT mode.
2025-04-03T20:03:26.265+02:00  INFO 14804 --- [Reclamation] [           main] .s.d.r.c.RepositoryConfigurationDelegate : Finished Spring Data repository scanning in 16 ms. Found 2 MongoDB repository interfaces.
2025-04-03T20:03:26.939+02:00  INFO 14804 --- [Reclamation] [           main] org.mongodb.driver.client                : MongoClient with metadata {"application": {"name": "Reclamation"}, "driver": {"name": "mongo-java-driver|sync|spring-boot", "version": "5.2.1"}, "os": {"type": "Windows", "name": "Windows 11", "architecture": "amd64", "version": "10.0"}, "platform": "Java/Oracle Corporation/17.0.8+9-LTS-211"} created with settings MongoClientSettings{readPreference=primary, writeConcern=WriteConcern{w=majority, wTimeout=null ms, journal=null}, retryWrites=true, retryReads=true, readConcern=ReadConcern{level=null}, credential=MongoCredential{mechanism=null, userName='sarrahamoudi00', source='admin', password=<hidden>, mechanismProperties=<hidden>}, transportSettings=NettyTransportSettings{eventLoopGroup=io.netty.channel.nio.NioEventLoopGroup@3f048c86, socketChannelClass=null, allocator=null, sslContext=null}, commandListeners=[], codecRegistry=ProvidersCodecRegistry{codecProviders=[ValueCodecProvider{}, BsonValueCodecProvider{}, DBRefCodecProvider{}, DBObjectCodecProvider{}, DocumentCodecProvider{}, CollectionCodecProvider{}, IterableCodecProvider{}, MapCodecProvider{}, GeoJsonCodecProvider{}, GridFSFileCodecProvider{}, Jsr310CodecProvider{}, JsonObjectCodecProvider{}, BsonCodecProvider{}, EnumCodecProvider{}, com.mongodb.client.model.mql.ExpressionCodecProvider@255d9277, com.mongodb.Jep395RecordCodecProvider@1de13f34, com.mongodb.KotlinCodecProvider@7e191fda]}, loggerSettings=LoggerSettings{maxDocumentLength=1000}, clusterSettings={hosts=[127.0.0.1:27017], srvHost=reclamation.2vm7lcx.mongodb.net, srvServiceName=mongodb, mode=MULTIPLE, requiredClusterType=REPLICA_SET, requiredReplicaSetName='atlas-13up98-shard-0', serverSelector='null', clusterListeners='[]', serverSelectionTimeout='30000 ms', localThreshold='15 ms'}, socketSettings=SocketSettings{connectTimeoutMS=10000, readTimeoutMS=0, receiveBufferSize=0, proxySettings=ProxySettings{host=null, port=null, username=null, password=null}}, heartbeatSocketSettings=SocketSettings{connectTimeoutMS=10000, readTimeoutMS=10000, receiveBufferSize=0, proxySettings=ProxySettings{host=null, port=null, username=null, password=null}}, connectionPoolSettings=ConnectionPoolSettings{maxSize=100, minSize=0, maxWaitTimeMS=120000, maxConnectionLifeTimeMS=0, maxConnectionIdleTimeMS=0, maintenanceInitialDelayMS=0, maintenanceFrequencyMS=60000, connectionPoolListeners=[], maxConnecting=2}, serverSettings=ServerSettings{heartbeatFrequencyMS=10000, minHeartbeatFrequencyMS=500, serverMonitoringMode=AUTO, serverListeners='[]', serverMonitorListeners='[]'}, sslSettings=SslSettings{enabled=true, invalidHostNameAllowed=false, context=null}, applicationName='Reclamation', compressorList=[], uuidRepresentation=JAVA_LEGACY, serverApi=null, autoEncryptionSettings=null, dnsClient=null, inetAddressResolver=null, contextProvider=null, timeoutMS=null}
2025-04-03T20:03:26.940+02:00  INFO 14804 --- [Reclamation] [lcx.mongodb.net] org.mongodb.driver.cluster               : Adding discovered server ac-kznfnby-shard-00-00.2vm7lcx.mongodb.net:27017 to client view of cluster
2025-04-03T20:03:26.961+02:00  INFO 14804 --- [Reclamation] [lcx.mongodb.net] org.mongodb.driver.cluster               : Adding discovered server ac-kznfnby-shard-00-01.2vm7lcx.mongodb.net:27017 to client view of cluster
2025-04-03T20:03:26.965+02:00  INFO 14804 --- [Reclamation] [lcx.mongodb.net] org.mongodb.driver.cluster               : Adding discovered server ac-kznfnby-shard-00-02.2vm7lcx.mongodb.net:27017 to client view of cluster
2025-04-03T20:03:27.753+02:00  INFO 14804 --- [Reclamation] [ngodb.net:27017] org.mongodb.driver.cluster               : Monitor thread successfully connected to server with description ServerDescription{address=ac-kznfnby-shard-00-02.2vm7lcx.mongodb.net:27017, type=REPLICA_SET_SECONDARY, cryptd=false, state=CONNECTED, ok=true, minWireVersion=0, maxWireVersion=25, maxDocumentSize=16777216, logicalSessionTimeoutMinutes=30, roundTripTimeNanos=445058900, minRoundTripTimeNanos=0, setName='atlas-13up98-shard-0', canonicalAddress=ac-kznfnby-shard-00-02.2vm7lcx.mongodb.net:27017, hosts=[ac-kznfnby-shard-00-00.2vm7lcx.mongodb.net:27017, ac-kznfnby-shard-00-01.2vm7lcx.mongodb.net:27017, ac-kznfnby-shard-00-02.2vm7lcx.mongodb.net:27017], passives=[], arbiters=[], primary='ac-kznfnby-shard-00-01.2vm7lcx.mongodb.net:27017', tagSet=TagSet{[Tag{name='availabilityZone', value='euw3-az3'}, Tag{name='diskState', value='READY'}, Tag{name='nodeType', value='ELECTABLE'}, Tag{name='provider', value='AWS'}, Tag{name='region', value='EU_WEST_3'}, Tag{name='workloadType', value='OPERATIONAL'}]}, electionId=null, setVersion=5, topologyVersion=TopologyVersion{processId=67ed929a5f74bd741edb2478, counter=3}, lastWriteDate=Thu Apr 03 20:03:27 CEST 2025, lastUpdateTimeNanos=77544771737900}
2025-04-03T20:03:27.753+02:00  INFO 14804 --- [Reclamation] [ngodb.net:27017] org.mongodb.driver.cluster               : Monitor thread successfully connected to server with description ServerDescription{address=ac-kznfnby-shard-00-00.2vm7lcx.mongodb.net:27017, type=REPLICA_SET_SECONDARY, cryptd=false, state=CONNECTED, ok=true, minWireVersion=0, maxWireVersion=25, maxDocumentSize=16777216, logicalSessionTimeoutMinutes=30, roundTripTimeNanos=445967500, minRoundTripTimeNanos=0, setName='atlas-13up98-shard-0', canonicalAddress=ac-kznfnby-shard-00-00.2vm7lcx.mongodb.net:27017, hosts=[ac-kznfnby-shard-00-00.2vm7lcx.mongodb.net:27017, ac-kznfnby-shard-00-01.2vm7lcx.mongodb.net:27017, ac-kznfnby-shard-00-02.2vm7lcx.mongodb.net:27017], passives=[], arbiters=[], primary='ac-kznfnby-shard-00-01.2vm7lcx.mongodb.net:27017', tagSet=TagSet{[Tag{name='availabilityZone', value='euw3-az1'}, Tag{name='diskState', value='READY'}, Tag{name='nodeType', value='ELECTABLE'}, Tag{name='provider', value='AWS'}, Tag{name='region', value='EU_WEST_3'}, Tag{name='workloadType', value='OPERATIONAL'}]}, electionId=null, setVersion=5, topologyVersion=TopologyVersion{processId=67ed8cb308a0296beafaf165, counter=4}, lastWriteDate=Thu Apr 03 20:03:27 CEST 2025, lastUpdateTimeNanos=77544771750100}
2025-04-03T20:03:27.754+02:00  INFO 14804 --- [Reclamation] [ngodb.net:27017] org.mongodb.driver.cluster               : Monitor thread successfully connected to server with description ServerDescription{address=ac-kznfnby-shard-00-01.2vm7lcx.mongodb.net:27017, type=REPLICA_SET_PRIMARY, cryptd=false, state=CONNECTED, ok=true, minWireVersion=0, maxWireVersion=25, maxDocumentSize=16777216, logicalSessionTimeoutMinutes=30, roundTripTimeNanos=442489700, minRoundTripTimeNanos=0, setName='atlas-13up98-shard-0', canonicalAddress=ac-kznfnby-shard-00-01.2vm7lcx.mongodb.net:27017, hosts=[ac-kznfnby-shard-00-00.2vm7lcx.mongodb.net:27017, ac-kznfnby-shard-00-01.2vm7lcx.mongodb.net:27017, ac-kznfnby-shard-00-02.2vm7lcx.mongodb.net:27017], passives=[], arbiters=[], primary='ac-kznfnby-shard-00-01.2vm7lcx.mongodb.net:27017', tagSet=TagSet{[Tag{name='availabilityZone', value='euw3-az2'}, Tag{name='diskState', value='READY'}, Tag{name='nodeType', value='ELECTABLE'}, Tag{name='provider', value='AWS'}, Tag{name='region', value='EU_WEST_3'}, Tag{name='workloadType', value='OPERATIONAL'}]}, electionId=7fffffff0000000000000029, setVersion=5, topologyVersion=TopologyVersion{processId=67ed8fb4f1d6a9e44999dcd5, counter=6}, lastWriteDate=Thu Apr 03 20:03:27 GMT+02:00 2025, lastUpdateTimeNanos=77544771738000}
2025-04-03T20:03:27.760+02:00  INFO 14804 --- [Reclamation] [ngodb.net:27017] org.mongodb.driver.cluster               : Discovered replica set primary ac-kznfnby-shard-00-01.2vm7lcx.mongodb.net:27017 with max election id 7fffffff0000000000000029 and max set version 5
2025-04-03T20:03:28.191+02:00  INFO 14804 --- [Reclamation] [           main] org.mongodb.driver.client                : MongoClient with metadata {"application": {"name": "Reclamation"}, "driver": {"name": "mongo-java-driver|reactive-streams|spring-boot", "version": "5.2.1"}, "os": {"type": "Windows", "name": "Windows 11", "architecture": "amd64", "version": "10.0"}, "platform": "Java/Oracle Corporation/17.0.8+9-LTS-211"} created with settings MongoClientSettings{readPreference=primary, writeConcern=WriteConcern{w=majority, wTimeout=null ms, journal=null}, retryWrites=true, retryReads=true, readConcern=ReadConcern{level=null}, credential=MongoCredential{mechanism=null, userName='sarrahamoudi00', source='admin', password=<hidden>, mechanismProperties=<hidden>}, transportSettings=NettyTransportSettings{eventLoopGroup=io.netty.channel.nio.NioEventLoopGroup@19924f15, socketChannelClass=null, allocator=null, sslContext=null}, commandListeners=[], codecRegistry=ProvidersCodecRegistry{codecProviders=[ValueCodecProvider{}, BsonValueCodecProvider{}, DBRefCodecProvider{}, DBObjectCodecProvider{}, DocumentCodecProvider{}, CollectionCodecProvider{}, IterableCodecProvider{}, MapCodecProvider{}, GeoJsonCodecProvider{}, GridFSFileCodecProvider{}, Jsr310CodecProvider{}, JsonObjectCodecProvider{}, BsonCodecProvider{}, EnumCodecProvider{}, com.mongodb.client.model.mql.ExpressionCodecProvider@255d9277, com.mongodb.Jep395RecordCodecProvider@1de13f34, com.mongodb.KotlinCodecProvider@7e191fda]}, loggerSettings=LoggerSettings{maxDocumentLength=1000}, clusterSettings={hosts=[127.0.0.1:27017], srvHost=reclamation.2vm7lcx.mongodb.net, srvServiceName=mongodb, mode=MULTIPLE, requiredClusterType=REPLICA_SET, requiredReplicaSetName='atlas-13up98-shard-0', serverSelector='null', clusterListeners='[]', serverSelectionTimeout='30000 ms', localThreshold='15 ms'}, socketSettings=SocketSettings{connectTimeoutMS=10000, readTimeoutMS=0, receiveBufferSize=0, proxySettings=ProxySettings{host=null, port=null, username=null, password=null}}, heartbeatSocketSettings=SocketSettings{connectTimeoutMS=10000, readTimeoutMS=10000, receiveBufferSize=0, proxySettings=ProxySettings{host=null, port=null, username=null, password=null}}, connectionPoolSettings=ConnectionPoolSettings{maxSize=100, minSize=0, maxWaitTimeMS=120000, maxConnectionLifeTimeMS=0, maxConnectionIdleTimeMS=0, maintenanceInitialDelayMS=0, maintenanceFrequencyMS=60000, connectionPoolListeners=[], maxConnecting=2}, serverSettings=ServerSettings{heartbeatFrequencyMS=10000, minHeartbeatFrequencyMS=500, serverMonitoringMode=AUTO, serverListeners='[]', serverMonitorListeners='[]'}, sslSettings=SslSettings{enabled=true, invalidHostNameAllowed=false, context=null}, applicationName='Reclamation', compressorList=[], uuidRepresentation=JAVA_LEGACY, serverApi=null, autoEncryptionSettings=null, dnsClient=null, inetAddressResolver=null, contextProvider=null, timeoutMS=null}
2025-04-03T20:03:28.209+02:00  INFO 14804 --- [Reclamation] [lcx.mongodb.net] org.mongodb.driver.cluster               : Adding discovered server ac-kznfnby-shard-00-00.2vm7lcx.mongodb.net:27017 to client view of cluster
2025-04-03T20:03:28.213+02:00  INFO 14804 --- [Reclamation] [lcx.mongodb.net] org.mongodb.driver.cluster               : Adding discovered server ac-kznfnby-shard-00-02.2vm7lcx.mongodb.net:27017 to client view of cluster
2025-04-03T20:03:28.215+02:00  INFO 14804 --- [Reclamation] [lcx.mongodb.net] org.mongodb.driver.cluster               : Adding discovered server ac-kznfnby-shard-00-01.2vm7lcx.mongodb.net:27017 to client view of cluster
2025-04-03T20:03:28.468+02:00  INFO 14804 --- [Reclamation] [           main] .w.s.a.s.AnnotationActionEndpointMapping : Supporting [WS-Addressing August 2004, WS-Addressing 1.0]
2025-04-03T20:03:28.533+02:00  INFO 14804 --- [Reclamation] [           main] c.e.r.ReclamationApplicationTests        : Started ReclamationApplicationTests in 3.263 seconds (process running for 4.325)
2025-04-03T20:03:28.539+02:00  INFO 14804 --- [Reclamation] [ngodb.net:27017] org.mongodb.driver.cluster               : Monitor thread successfully connected to server with description ServerDescription{address=ac-kznfnby-shard-00-00.2vm7lcx.mongodb.net:27017, type=REPLICA_SET_SECONDARY, cryptd=false, state=CONNECTED, ok=true, minWireVersion=0, maxWireVersion=25, maxDocumentSize=16777216, logicalSessionTimeoutMinutes=30, roundTripTimeNanos=251254200, minRoundTripTimeNanos=0, setName='atlas-13up98-shard-0', canonicalAddress=ac-kznfnby-shard-00-00.2vm7lcx.mongodb.net:27017, hosts=[ac-kznfnby-shard-00-00.2vm7lcx.mongodb.net:27017, ac-kznfnby-shard-00-01.2vm7lcx.mongodb.net:27017, ac-kznfnby-shard-00-02.2vm7lcx.mongodb.net:27017], passives=[], arbiters=[], primary='ac-kznfnby-shard-00-01.2vm7lcx.mongodb.net:27017', tagSet=TagSet{[Tag{name='availabilityZone', value='euw3-az1'}, Tag{name='diskState', value='READY'}, Tag{name='nodeType', value='ELECTABLE'}, Tag{name='provider', value='AWS'}, Tag{name='region', value='EU_WEST_3'}, Tag{name='workloadType', value='OPERATIONAL'}]}, electionId=null, setVersion=5, topologyVersion=TopologyVersion{processId=67ed8cb308a0296beafaf165, counter=4}, lastWriteDate=Thu Apr 03 20:03:27 GMT+02:00 2025, lastUpdateTimeNanos=77545562725800}
2025-04-03T20:03:28.559+02:00  INFO 14804 --- [Reclamation] [ngodb.net:27017] org.mongodb.driver.cluster               : Monitor thread successfully connected to server with description ServerDescription{address=ac-kznfnby-shard-00-01.2vm7lcx.mongodb.net:27017, type=REPLICA_SET_PRIMARY, cryptd=false, state=CONNECTED, ok=true, minWireVersion=0, maxWireVersion=25, maxDocumentSize=16777216, logicalSessionTimeoutMinutes=30, roundTripTimeNanos=265385800, minRoundTripTimeNanos=0, setName='atlas-13up98-shard-0', canonicalAddress=ac-kznfnby-shard-00-01.2vm7lcx.mongodb.net:27017, hosts=[ac-kznfnby-shard-00-00.2vm7lcx.mongodb.net:27017, ac-kznfnby-shard-00-01.2vm7lcx.mongodb.net:27017, ac-kznfnby-shard-00-02.2vm7lcx.mongodb.net:27017], passives=[], arbiters=[], primary='ac-kznfnby-shard-00-01.2vm7lcx.mongodb.net:27017', tagSet=TagSet{[Tag{name='availabilityZone', value='euw3-az2'}, Tag{name='diskState', value='READY'}, Tag{name='nodeType', value='ELECTABLE'}, Tag{name='provider', value='AWS'}, Tag{name='region', value='EU_WEST_3'}, Tag{name='workloadType', value='OPERATIONAL'}]}, electionId=7fffffff0000000000000029, setVersion=5, topologyVersion=TopologyVersion{processId=67ed8fb4f1d6a9e44999dcd5, counter=6}, lastWriteDate=Thu Apr 03 20:03:27 GMT+02:00 2025, lastUpdateTimeNanos=77545582178800}
2025-04-03T20:03:28.560+02:00  INFO 14804 --- [Reclamation] [ngodb.net:27017] org.mongodb.driver.cluster               : Discovered replica set primary ac-kznfnby-shard-00-01.2vm7lcx.mongodb.net:27017 with max election id 7fffffff0000000000000029 and max set version 5
2025-04-03T20:03:28.575+02:00  INFO 14804 --- [Reclamation] [ngodb.net:27017] org.mongodb.driver.cluster               : Monitor thread successfully connected to server with description ServerDescription{address=ac-kznfnby-shard-00-02.2vm7lcx.mongodb.net:27017, type=REPLICA_SET_SECONDARY, cryptd=false, state=CONNECTED, ok=true, minWireVersion=0, maxWireVersion=25, maxDocumentSize=16777216, logicalSessionTimeoutMinutes=30, roundTripTimeNanos=281567200, minRoundTripTimeNanos=0, setName='atlas-13up98-shard-0', canonicalAddress=ac-kznfnby-shard-00-02.2vm7lcx.mongodb.net:27017, hosts=[ac-kznfnby-shard-00-00.2vm7lcx.mongodb.net:27017, ac-kznfnby-shard-00-01.2vm7lcx.mongodb.net:27017, ac-kznfnby-shard-00-02.2vm7lcx.mongodb.net:27017], passives=[], arbiters=[], primary='ac-kznfnby-shard-00-01.2vm7lcx.mongodb.net:27017', tagSet=TagSet{[Tag{name='availabilityZone', value='euw3-az3'}, Tag{name='diskState', value='READY'}, Tag{name='nodeType', value='ELECTABLE'}, Tag{name='provider', value='AWS'}, Tag{name='region', value='EU_WEST_3'}, Tag{name='workloadType', value='OPERATIONAL'}]}, electionId=null, setVersion=5, topologyVersion=TopologyVersion{processId=67ed929a5f74bd741edb2478, counter=3}, lastWriteDate=Thu Apr 03 20:03:27 GMT+02:00 2025, lastUpdateTimeNanos=77545598290600}
]]></system-out>
  </testcase>
</testsuite>